<?xml version="1.0" encoding="UTF-8"?>
<testng-results skipped="0" failed="0" ignored="0" total="1" passed="1">
  <reporter-output>
  </reporter-output>
  <suite name="PARA Bank Regression Suite" duration-ms="17200" started-at="2022-05-10T22:12:37 IST" finished-at="2022-05-10T22:12:54 IST">
    <groups>
      <group name="cucumber">
        <method signature="AbstractTestNGCucumberTests.feature(cucumber.api.testng.CucumberFeatureWrapper)[pri:0, instance:com.app.runner.ParaBankRegistrationTestRunner@33c7e1bb]" name="feature" class="cucumber.api.testng.AbstractTestNGCucumberTests"/>
      </group> <!-- cucumber -->
    </groups>
    <test name="PARA Bank Registration0" duration-ms="17200" started-at="2022-05-10T22:12:37 IST" finished-at="2022-05-10T22:12:54 IST">
      <class name="com.app.runner.ParaBankRegistrationTestRunner">
        <test-method status="PASS" signature="setUpClass()[pri:0, instance:com.app.runner.ParaBankRegistrationTestRunner@33c7e1bb]" name="setUpClass" is-config="true" duration-ms="437" started-at="2022-05-10T22:12:37 IST" finished-at="2022-05-10T22:12:38 IST">
          <reporter-output>
          </reporter-output>
        </test-method> <!-- setUpClass -->
        <test-method status="PASS" signature="feature(cucumber.api.testng.CucumberFeatureWrapper)[pri:0, instance:com.app.runner.ParaBankRegistrationTestRunner@33c7e1bb]" name="feature" duration-ms="16090" started-at="2022-05-10T22:12:38 IST" description="Runs Cucumber Feature" data-provider="features" finished-at="2022-05-10T22:12:54 IST">
          <params>
            <param index="0">
              <value>
                <![CDATA[Registration Features]]>
              </value>
            </param>
          </params>
          <reporter-output>
          </reporter-output>
        </test-method> <!-- feature -->
        <test-method status="PASS" signature="tearDownClass()[pri:0, instance:com.app.runner.ParaBankRegistrationTestRunner@33c7e1bb]" name="tearDownClass" is-config="true" duration-ms="475" started-at="2022-05-10T22:12:54 IST" finished-at="2022-05-10T22:12:54 IST">
          <reporter-output>
          </reporter-output>
        </test-method> <!-- tearDownClass -->
      </class> <!-- com.app.runner.ParaBankRegistrationTestRunner -->
    </test> <!-- PARA Bank Registration0 -->
  </suite> <!-- PARA Bank Regression Suite -->
</testng-results>
